
<html>
  <head>
    <title>Lab 08 - Graded Solution</title>
  </head>
  <body>
    <h1>Lab 08 - Graded Solution</h1>
    <p><b>You scored 0% = 0.0 points for this lab.</b></p>
    <ul>
      <li><b>test_key_heap_1</b>
      <ul>
      <li>Grade Percentage: 6</li>
      <li>Your solution failed this test case! taking 0.073 sec</Li>
<li><pre>NameError: name 'n' is not defined</pre></li>
<li><pre>Traceback (most recent call last):
  File "/Users/lord_pretzel/.pyenv/versions/3.9.0/lib/python3.9/site-packages/grader-0.0.1-py3.9.egg/grader/execution_base.py", line 60, in call_test_function
    test_function(
  File "/Users/lord_pretzel/.pyenv/versions/3.9.0/lib/python3.9/site-packages/grader-0.0.1-py3.9.egg/grader/core.py", line 48, in wrapper
    result = test_function(module, *args, **kwargs)
  File "/var/folders/f7/xnz8v_b13td37s3k4w8t5j2h0000gn/T/tmpc1qcaeym/lab08-test.py", line 18, in test_key_heap_1
    h.add(random.randrange(100))
  File "<tested-program>", line 72, in add
NameError: name 'n' is not defined
</pre></li>
      </ul>
      </li>
      <li><b>test_key_heap_2</b>
      <ul>
      <li>Grade Percentage: 6</li>
      <li>Your solution failed this test case! taking 0.092 sec</Li>
<li><pre>NameError: name 'n' is not defined</pre></li>
<li><pre>Traceback (most recent call last):
  File "/Users/lord_pretzel/.pyenv/versions/3.9.0/lib/python3.9/site-packages/grader-0.0.1-py3.9.egg/grader/execution_base.py", line 60, in call_test_function
    test_function(
  File "/Users/lord_pretzel/.pyenv/versions/3.9.0/lib/python3.9/site-packages/grader-0.0.1-py3.9.egg/grader/core.py", line 48, in wrapper
    result = test_function(module, *args, **kwargs)
  File "/var/folders/f7/xnz8v_b13td37s3k4w8t5j2h0000gn/T/tmpy8broat9/lab08-test.py", line 30, in test_key_heap_2
    h.add(random.randrange(100))
  File "<tested-program>", line 72, in add
NameError: name 'n' is not defined
</pre></li>
      </ul>
      </li>
      <li><b>test_key_heap_3</b>
      <ul>
      <li>Grade Percentage: 6</li>
      <li>Your solution failed this test case! taking 0.086 sec</Li>
<li><pre>NameError: name 'n' is not defined</pre></li>
<li><pre>Traceback (most recent call last):
  File "/Users/lord_pretzel/.pyenv/versions/3.9.0/lib/python3.9/site-packages/grader-0.0.1-py3.9.egg/grader/execution_base.py", line 60, in call_test_function
    test_function(
  File "/Users/lord_pretzel/.pyenv/versions/3.9.0/lib/python3.9/site-packages/grader-0.0.1-py3.9.egg/grader/core.py", line 48, in wrapper
    result = test_function(module, *args, **kwargs)
  File "/var/folders/f7/xnz8v_b13td37s3k4w8t5j2h0000gn/T/tmpi8c2x2_a/lab08-test.py", line 40, in test_key_heap_3
    h.add('hello')
  File "<tested-program>", line 72, in add
NameError: name 'n' is not defined
</pre></li>
      </ul>
      </li>
      <li><b>test_key_heap_4</b>
      <ul>
      <li>Grade Percentage: 6</li>
      <li>Your solution failed this test case! taking 0.091 sec</Li>
<li><pre>NameError: name 'n' is not defined</pre></li>
<li><pre>Traceback (most recent call last):
  File "/Users/lord_pretzel/.pyenv/versions/3.9.0/lib/python3.9/site-packages/grader-0.0.1-py3.9.egg/grader/execution_base.py", line 60, in call_test_function
    test_function(
  File "/Users/lord_pretzel/.pyenv/versions/3.9.0/lib/python3.9/site-packages/grader-0.0.1-py3.9.egg/grader/core.py", line 48, in wrapper
    result = test_function(module, *args, **kwargs)
  File "/var/folders/f7/xnz8v_b13td37s3k4w8t5j2h0000gn/T/tmpmkivkiqe/lab08-test.py", line 60, in test_key_heap_4
    h.add(x)
  File "<tested-program>", line 72, in add
NameError: name 'n' is not defined
</pre></li>
      </ul>
      </li>
      <li><b>test_key_heap_5</b>
      <ul>
      <li>Grade Percentage: 6</li>
      <li>Your solution failed this test case! taking 0.091 sec</Li>
<li><pre>NameError: name 'n' is not defined</pre></li>
<li><pre>Traceback (most recent call last):
  File "/Users/lord_pretzel/.pyenv/versions/3.9.0/lib/python3.9/site-packages/grader-0.0.1-py3.9.egg/grader/execution_base.py", line 60, in call_test_function
    test_function(
  File "/Users/lord_pretzel/.pyenv/versions/3.9.0/lib/python3.9/site-packages/grader-0.0.1-py3.9.egg/grader/core.py", line 48, in wrapper
    result = test_function(module, *args, **kwargs)
  File "/var/folders/f7/xnz8v_b13td37s3k4w8t5j2h0000gn/T/tmpc3gla2lj/lab08-test.py", line 76, in test_key_heap_5
    h.add(x)
  File "<tested-program>", line 72, in add
NameError: name 'n' is not defined
</pre></li>
      </ul>
      </li>
      <li><b>test_median_1</b>
      <ul>
      <li>Grade Percentage: 13</li>
      <li>Your solution failed this test case! taking 0.095 sec</Li>
<li><pre>NameError: name 'median' is not defined</pre></li>
<li><pre>Traceback (most recent call last):
  File "/Users/lord_pretzel/.pyenv/versions/3.9.0/lib/python3.9/site-packages/grader-0.0.1-py3.9.egg/grader/execution_base.py", line 60, in call_test_function
    test_function(
  File "/Users/lord_pretzel/.pyenv/versions/3.9.0/lib/python3.9/site-packages/grader-0.0.1-py3.9.egg/grader/core.py", line 48, in wrapper
    result = test_function(module, *args, **kwargs)
  File "/var/folders/f7/xnz8v_b13td37s3k4w8t5j2h0000gn/T/tmprdr__vt_/lab08-test.py", line 100, in test_median_1
    assertEquals([3, 2.0, 3, 6.0, 9], m.module.running_medians([3, 1, 9, 25, 12]))
  File "<tested-program>", line 182, in running_medians
NameError: name 'median' is not defined
</pre></li>
      </ul>
      </li>
      <li><b>test_median_2</b>
      <ul>
      <li>Grade Percentage: 13</li>
      <li>Your solution failed this test case! taking 0.088 sec</Li>
<li><pre>NameError: name 'median' is not defined</pre></li>
<li><pre>Traceback (most recent call last):
  File "/Users/lord_pretzel/.pyenv/versions/3.9.0/lib/python3.9/site-packages/grader-0.0.1-py3.9.egg/grader/execution_base.py", line 60, in call_test_function
    test_function(
  File "/Users/lord_pretzel/.pyenv/versions/3.9.0/lib/python3.9/site-packages/grader-0.0.1-py3.9.egg/grader/core.py", line 48, in wrapper
    result = test_function(module, *args, **kwargs)
  File "/var/folders/f7/xnz8v_b13td37s3k4w8t5j2h0000gn/T/tmpjorvwa6e/lab08-test.py", line 107, in test_median_2
    assertEquals(running_medians_naive(vals), m.module.running_medians(vals))
  File "<tested-program>", line 182, in running_medians
NameError: name 'median' is not defined
</pre></li>
      </ul>
      </li>
      <li><b>test_median_3</b>
      <ul>
      <li>Grade Percentage: 14</li>
      <li>Your solution failed this test case! taking 0.180 sec</Li>
<li><pre>NameError: name 'median' is not defined</pre></li>
<li><pre>Traceback (most recent call last):
  File "/Users/lord_pretzel/.pyenv/versions/3.9.0/lib/python3.9/site-packages/grader-0.0.1-py3.9.egg/grader/execution_base.py", line 60, in call_test_function
    test_function(
  File "/Users/lord_pretzel/.pyenv/versions/3.9.0/lib/python3.9/site-packages/grader-0.0.1-py3.9.egg/grader/core.py", line 48, in wrapper
    result = test_function(module, *args, **kwargs)
  File "/var/folders/f7/xnz8v_b13td37s3k4w8t5j2h0000gn/T/tmpj8cgq3eb/lab08-test.py", line 117, in test_median_3
    running = m.module.running_medians(vals)
  File "<tested-program>", line 182, in running_medians
NameError: name 'median' is not defined
</pre></li>
      </ul>
      </li>
      <li><b>test_topk_students</b>
      <ul>
      <li>Grade Percentage: 30</li>
      <li>Your solution failed this test case! taking 0.085 sec</Li>
<li><pre>NameError: name 'n' is not defined</pre></li>
<li><pre>Traceback (most recent call last):
  File "/Users/lord_pretzel/.pyenv/versions/3.9.0/lib/python3.9/site-packages/grader-0.0.1-py3.9.egg/grader/execution_base.py", line 60, in call_test_function
    test_function(
  File "/Users/lord_pretzel/.pyenv/versions/3.9.0/lib/python3.9/site-packages/grader-0.0.1-py3.9.egg/grader/core.py", line 48, in wrapper
    result = test_function(module, *args, **kwargs)
  File "/var/folders/f7/xnz8v_b13td37s3k4w8t5j2h0000gn/T/tmpd8h85mkr/lab08-test.py", line 138, in test_topk_students
    m.module.topk(students, 2, get_age))
  File "<tested-program>", line 248, in topk
  File "<tested-program>", line 72, in add
NameError: name 'n' is not defined
</pre></li>
      </ul>
      </li>
    </ul>
  </body>
</html>
