
<html>
  <head>
    <title>Lab 03 - Graded Solution</title>
  </head>
  <body>
    <h1>Lab 03 - Graded Solution</h1>
    <p><b>You scored 0% = 0.0 points for this lab.</b></p>
    <ul>
      <li><b>Sort ints</b>
      <ul>
      <li>Grade Percentage: 6</li>
      <li>Your solution failed this test case! taking 0.114 sec</Li>
<li><pre>SyntaxError: invalid syntax (<tested-program>, line 135)</pre></li>
<li><pre>Traceback (most recent call last):
  File "/Users/lord_pretzel/.pyenv/versions/3.9.0/lib/python3.9/site-packages/grader-0.0.1-py3.9.egg/grader/execution_base.py", line 60, in call_test_function
    test_function(
  File "/Users/lord_pretzel/.pyenv/versions/3.9.0/lib/python3.9/site-packages/grader-0.0.1-py3.9.egg/grader/core.py", line 47, in wrapper
    raise module.caughtException
  File "/Users/lord_pretzel/.pyenv/versions/3.9.0/lib/python3.9/site-packages/grader-0.0.1-py3.9.egg/grader/program_container.py", line 38, in run
    self._exec_code()
  File "/Users/lord_pretzel/.pyenv/versions/3.9.0/lib/python3.9/site-packages/grader-0.0.1-py3.9.egg/grader/program_container.py", line 53, in _exec_code
    code = compile(source, "<tested-program>", "exec", dont_inherit=True)
  File "<tested-program>", line 135
    self.data = prefixsearcher[]
                               ^
SyntaxError: invalid syntax
</pre></li>
      </ul>
      </li>
      <li><b>Sort strings based on their last character</b>
      <ul>
      <li>Grade Percentage: 6</li>
      <li>Your solution failed this test case! taking 0.119 sec</Li>
<li><pre>SyntaxError: invalid syntax (<tested-program>, line 135)</pre></li>
<li><pre>Traceback (most recent call last):
  File "/Users/lord_pretzel/.pyenv/versions/3.9.0/lib/python3.9/site-packages/grader-0.0.1-py3.9.egg/grader/execution_base.py", line 60, in call_test_function
    test_function(
  File "/Users/lord_pretzel/.pyenv/versions/3.9.0/lib/python3.9/site-packages/grader-0.0.1-py3.9.egg/grader/core.py", line 47, in wrapper
    raise module.caughtException
  File "/Users/lord_pretzel/.pyenv/versions/3.9.0/lib/python3.9/site-packages/grader-0.0.1-py3.9.egg/grader/program_container.py", line 38, in run
    self._exec_code()
  File "/Users/lord_pretzel/.pyenv/versions/3.9.0/lib/python3.9/site-packages/grader-0.0.1-py3.9.egg/grader/program_container.py", line 53, in _exec_code
    code = compile(source, "<tested-program>", "exec", dont_inherit=True)
  File "<tested-program>", line 135
    self.data = prefixsearcher[]
                               ^
SyntaxError: invalid syntax
</pre></li>
      </ul>
      </li>
      <li><b>Sort students on their GPA</b>
      <ul>
      <li>Grade Percentage: 6</li>
      <li>Your solution failed this test case! taking 0.115 sec</Li>
<li><pre>SyntaxError: invalid syntax (<tested-program>, line 135)</pre></li>
<li><pre>Traceback (most recent call last):
  File "/Users/lord_pretzel/.pyenv/versions/3.9.0/lib/python3.9/site-packages/grader-0.0.1-py3.9.egg/grader/execution_base.py", line 60, in call_test_function
    test_function(
  File "/Users/lord_pretzel/.pyenv/versions/3.9.0/lib/python3.9/site-packages/grader-0.0.1-py3.9.egg/grader/core.py", line 47, in wrapper
    raise module.caughtException
  File "/Users/lord_pretzel/.pyenv/versions/3.9.0/lib/python3.9/site-packages/grader-0.0.1-py3.9.egg/grader/program_container.py", line 38, in run
    self._exec_code()
  File "/Users/lord_pretzel/.pyenv/versions/3.9.0/lib/python3.9/site-packages/grader-0.0.1-py3.9.egg/grader/program_container.py", line 53, in _exec_code
    code = compile(source, "<tested-program>", "exec", dont_inherit=True)
  File "<tested-program>", line 135
    self.data = prefixsearcher[]
                               ^
SyntaxError: invalid syntax
</pre></li>
      </ul>
      </li>
      <li><b>Binary search for ints</b>
      <ul>
      <li>Grade Percentage: 6</li>
      <li>Your solution failed this test case! taking 0.111 sec</Li>
<li><pre>SyntaxError: invalid syntax (<tested-program>, line 135)</pre></li>
<li><pre>Traceback (most recent call last):
  File "/Users/lord_pretzel/.pyenv/versions/3.9.0/lib/python3.9/site-packages/grader-0.0.1-py3.9.egg/grader/execution_base.py", line 60, in call_test_function
    test_function(
  File "/Users/lord_pretzel/.pyenv/versions/3.9.0/lib/python3.9/site-packages/grader-0.0.1-py3.9.egg/grader/core.py", line 47, in wrapper
    raise module.caughtException
  File "/Users/lord_pretzel/.pyenv/versions/3.9.0/lib/python3.9/site-packages/grader-0.0.1-py3.9.egg/grader/program_container.py", line 38, in run
    self._exec_code()
  File "/Users/lord_pretzel/.pyenv/versions/3.9.0/lib/python3.9/site-packages/grader-0.0.1-py3.9.egg/grader/program_container.py", line 53, in _exec_code
    code = compile(source, "<tested-program>", "exec", dont_inherit=True)
  File "<tested-program>", line 135
    self.data = prefixsearcher[]
                               ^
SyntaxError: invalid syntax
</pre></li>
      </ul>
      </li>
      <li><b>Binary search for students by GPA</b>
      <ul>
      <li>Grade Percentage: 6</li>
      <li>Your solution failed this test case! taking 0.113 sec</Li>
<li><pre>SyntaxError: invalid syntax (<tested-program>, line 135)</pre></li>
<li><pre>Traceback (most recent call last):
  File "/Users/lord_pretzel/.pyenv/versions/3.9.0/lib/python3.9/site-packages/grader-0.0.1-py3.9.egg/grader/execution_base.py", line 60, in call_test_function
    test_function(
  File "/Users/lord_pretzel/.pyenv/versions/3.9.0/lib/python3.9/site-packages/grader-0.0.1-py3.9.egg/grader/core.py", line 47, in wrapper
    raise module.caughtException
  File "/Users/lord_pretzel/.pyenv/versions/3.9.0/lib/python3.9/site-packages/grader-0.0.1-py3.9.egg/grader/program_container.py", line 38, in run
    self._exec_code()
  File "/Users/lord_pretzel/.pyenv/versions/3.9.0/lib/python3.9/site-packages/grader-0.0.1-py3.9.egg/grader/program_container.py", line 53, in _exec_code
    code = compile(source, "<tested-program>", "exec", dont_inherit=True)
  File "<tested-program>", line 135
    self.data = prefixsearcher[]
                               ^
SyntaxError: invalid syntax
</pre></li>
      </ul>
      </li>
      <li><b>Search for substrings in hello world</b>
      <ul>
      <li>Grade Percentage: 15</li>
      <li>Your solution failed this test case! taking 0.119 sec</Li>
<li><pre>SyntaxError: invalid syntax (<tested-program>, line 135)</pre></li>
<li><pre>Traceback (most recent call last):
  File "/Users/lord_pretzel/.pyenv/versions/3.9.0/lib/python3.9/site-packages/grader-0.0.1-py3.9.egg/grader/execution_base.py", line 60, in call_test_function
    test_function(
  File "/Users/lord_pretzel/.pyenv/versions/3.9.0/lib/python3.9/site-packages/grader-0.0.1-py3.9.egg/grader/core.py", line 47, in wrapper
    raise module.caughtException
  File "/Users/lord_pretzel/.pyenv/versions/3.9.0/lib/python3.9/site-packages/grader-0.0.1-py3.9.egg/grader/program_container.py", line 38, in run
    self._exec_code()
  File "/Users/lord_pretzel/.pyenv/versions/3.9.0/lib/python3.9/site-packages/grader-0.0.1-py3.9.egg/grader/program_container.py", line 53, in _exec_code
    code = compile(source, "<tested-program>", "exec", dont_inherit=True)
  File "<tested-program>", line 135
    self.data = prefixsearcher[]
                               ^
SyntaxError: invalid syntax
</pre></li>
      </ul>
      </li>
      <li><b>Search for substrings in Moby Dick</b>
      <ul>
      <li>Grade Percentage: 15</li>
      <li>Your solution failed this test case! taking 0.115 sec</Li>
<li><pre>SyntaxError: invalid syntax (<tested-program>, line 135)</pre></li>
<li><pre>Traceback (most recent call last):
  File "/Users/lord_pretzel/.pyenv/versions/3.9.0/lib/python3.9/site-packages/grader-0.0.1-py3.9.egg/grader/execution_base.py", line 60, in call_test_function
    test_function(
  File "/Users/lord_pretzel/.pyenv/versions/3.9.0/lib/python3.9/site-packages/grader-0.0.1-py3.9.egg/grader/core.py", line 47, in wrapper
    raise module.caughtException
  File "/Users/lord_pretzel/.pyenv/versions/3.9.0/lib/python3.9/site-packages/grader-0.0.1-py3.9.egg/grader/program_container.py", line 38, in run
    self._exec_code()
  File "/Users/lord_pretzel/.pyenv/versions/3.9.0/lib/python3.9/site-packages/grader-0.0.1-py3.9.egg/grader/program_container.py", line 53, in _exec_code
    code = compile(source, "<tested-program>", "exec", dont_inherit=True)
  File "<tested-program>", line 135
    self.data = prefixsearcher[]
                               ^
SyntaxError: invalid syntax
</pre></li>
      </ul>
      </li>
      <li><b>Search for substrings in hello world using suffix array</b>
      <ul>
      <li>Grade Percentage: 20</li>
      <li>Your solution failed this test case! taking 0.109 sec</Li>
<li><pre>SyntaxError: invalid syntax (<tested-program>, line 135)</pre></li>
<li><pre>Traceback (most recent call last):
  File "/Users/lord_pretzel/.pyenv/versions/3.9.0/lib/python3.9/site-packages/grader-0.0.1-py3.9.egg/grader/execution_base.py", line 60, in call_test_function
    test_function(
  File "/Users/lord_pretzel/.pyenv/versions/3.9.0/lib/python3.9/site-packages/grader-0.0.1-py3.9.egg/grader/core.py", line 47, in wrapper
    raise module.caughtException
  File "/Users/lord_pretzel/.pyenv/versions/3.9.0/lib/python3.9/site-packages/grader-0.0.1-py3.9.egg/grader/program_container.py", line 38, in run
    self._exec_code()
  File "/Users/lord_pretzel/.pyenv/versions/3.9.0/lib/python3.9/site-packages/grader-0.0.1-py3.9.egg/grader/program_container.py", line 53, in _exec_code
    code = compile(source, "<tested-program>", "exec", dont_inherit=True)
  File "<tested-program>", line 135
    self.data = prefixsearcher[]
                               ^
SyntaxError: invalid syntax
</pre></li>
      </ul>
      </li>
      <li><b>Search for substrings in Moby Dick using suffix array</b>
      <ul>
      <li>Grade Percentage: 20</li>
      <li>Your solution failed this test case! taking 0.115 sec</Li>
<li><pre>SyntaxError: invalid syntax (<tested-program>, line 135)</pre></li>
<li><pre>Traceback (most recent call last):
  File "/Users/lord_pretzel/.pyenv/versions/3.9.0/lib/python3.9/site-packages/grader-0.0.1-py3.9.egg/grader/execution_base.py", line 60, in call_test_function
    test_function(
  File "/Users/lord_pretzel/.pyenv/versions/3.9.0/lib/python3.9/site-packages/grader-0.0.1-py3.9.egg/grader/core.py", line 47, in wrapper
    raise module.caughtException
  File "/Users/lord_pretzel/.pyenv/versions/3.9.0/lib/python3.9/site-packages/grader-0.0.1-py3.9.egg/grader/program_container.py", line 38, in run
    self._exec_code()
  File "/Users/lord_pretzel/.pyenv/versions/3.9.0/lib/python3.9/site-packages/grader-0.0.1-py3.9.egg/grader/program_container.py", line 53, in _exec_code
    code = compile(source, "<tested-program>", "exec", dont_inherit=True)
  File "<tested-program>", line 135
    self.data = prefixsearcher[]
                               ^
SyntaxError: invalid syntax
</pre></li>
      </ul>
      </li>
    </ul>
  </body>
</html>
